2026-01-09 14:00:12,862 INFO    MainThread:93934 [wandb_setup.py:_flush():80] Current SDK version is 0.23.1
2026-01-09 14:00:12,862 INFO    MainThread:93934 [wandb_setup.py:_flush():80] Configure stats pid to 93934
2026-01-09 14:00:12,862 INFO    MainThread:93934 [wandb_setup.py:_flush():80] Loading settings from /c23030/ckj/.config/wandb/settings
2026-01-09 14:00:12,862 INFO    MainThread:93934 [wandb_setup.py:_flush():80] Loading settings from /c23030/ckj/code/vlm/jailbreaking/wandb/settings
2026-01-09 14:00:12,862 INFO    MainThread:93934 [wandb_setup.py:_flush():80] Loading settings from environment variables
2026-01-09 14:00:12,862 INFO    MainThread:93934 [wandb_init.py:setup_run_log_directory():714] Logging user logs to /c23030/ckj/code/vlm/jailbreaking/wandb/run-20260109_140012-u46wiest/logs/debug.log
2026-01-09 14:00:12,862 INFO    MainThread:93934 [wandb_init.py:setup_run_log_directory():715] Logging internal logs to /c23030/ckj/code/vlm/jailbreaking/wandb/run-20260109_140012-u46wiest/logs/debug-internal.log
2026-01-09 14:00:12,862 INFO    MainThread:93934 [wandb_init.py:init():841] calling init triggers
2026-01-09 14:00:12,862 INFO    MainThread:93934 [wandb_init.py:init():846] wandb.init called with sweep_config: {}
config: {'_wandb': {}}
2026-01-09 14:00:12,862 INFO    MainThread:93934 [wandb_init.py:init():889] starting backend
2026-01-09 14:00:14,151 INFO    MainThread:93934 [wandb_init.py:init():892] sending inform_init request
2026-01-09 14:00:14,168 INFO    MainThread:93934 [wandb_init.py:init():900] backend started and connected
2026-01-09 14:00:14,169 INFO    MainThread:93934 [wandb_init.py:init():970] updated telemetry
2026-01-09 14:00:14,187 INFO    MainThread:93934 [wandb_init.py:init():994] communicating run to backend with 90.0 second timeout
2026-01-09 14:00:43,939 INFO    Thread-3 (wrapped_target):93934 [retry.py:__call__():164] [no run ID] Retry attempt failed:
Traceback (most recent call last):
  File "/c23030/ckj/miniconda3/envs/vlm/lib/python3.10/site-packages/urllib3/connectionpool.py", line 773, in urlopen
    self._prepare_proxy(conn)
  File "/c23030/ckj/miniconda3/envs/vlm/lib/python3.10/site-packages/urllib3/connectionpool.py", line 1042, in _prepare_proxy
    conn.connect()
  File "/c23030/ckj/miniconda3/envs/vlm/lib/python3.10/site-packages/urllib3/connection.py", line 790, in connect
    sock_and_verified = _ssl_wrap_socket_and_match_hostname(
  File "/c23030/ckj/miniconda3/envs/vlm/lib/python3.10/site-packages/urllib3/connection.py", line 969, in _ssl_wrap_socket_and_match_hostname
    ssl_sock = ssl_wrap_socket(
  File "/c23030/ckj/miniconda3/envs/vlm/lib/python3.10/site-packages/urllib3/util/ssl_.py", line 480, in ssl_wrap_socket
    ssl_sock = _ssl_wrap_socket_impl(sock, context, tls_in_tls, server_hostname)
  File "/c23030/ckj/miniconda3/envs/vlm/lib/python3.10/site-packages/urllib3/util/ssl_.py", line 524, in _ssl_wrap_socket_impl
    return ssl_context.wrap_socket(sock, server_hostname=server_hostname)
  File "/c23030/ckj/miniconda3/envs/vlm/lib/python3.10/ssl.py", line 513, in wrap_socket
    return self.sslsocket_class._create(
  File "/c23030/ckj/miniconda3/envs/vlm/lib/python3.10/ssl.py", line 1104, in _create
    self.do_handshake()
  File "/c23030/ckj/miniconda3/envs/vlm/lib/python3.10/ssl.py", line 1375, in do_handshake
    self._sslobj.do_handshake()
TimeoutError: _ssl.c:1000: The handshake operation timed out

The above exception was the direct cause of the following exception:

Traceback (most recent call last):
  File "/c23030/ckj/miniconda3/envs/vlm/lib/python3.10/site-packages/requests/adapters.py", line 644, in send
    resp = conn.urlopen(
  File "/c23030/ckj/miniconda3/envs/vlm/lib/python3.10/site-packages/urllib3/connectionpool.py", line 841, in urlopen
    retries = retries.increment(
  File "/c23030/ckj/miniconda3/envs/vlm/lib/python3.10/site-packages/urllib3/util/retry.py", line 474, in increment
    raise reraise(type(error), error, _stacktrace)
  File "/c23030/ckj/miniconda3/envs/vlm/lib/python3.10/site-packages/urllib3/util/util.py", line 39, in reraise
    raise value
  File "/c23030/ckj/miniconda3/envs/vlm/lib/python3.10/site-packages/urllib3/connectionpool.py", line 775, in urlopen
    self._raise_timeout(
  File "/c23030/ckj/miniconda3/envs/vlm/lib/python3.10/site-packages/urllib3/connectionpool.py", line 367, in _raise_timeout
    raise ReadTimeoutError(
urllib3.exceptions.ReadTimeoutError: HTTPSConnectionPool(host='api.wandb.ai', port=443): Read timed out. (read timeout=20)

During handling of the above exception, another exception occurred:

Traceback (most recent call last):
  File "/c23030/ckj/miniconda3/envs/vlm/lib/python3.10/site-packages/wandb/sdk/lib/retry.py", line 157, in __call__
    result = self._call_fn(*args, **kwargs)
  File "/c23030/ckj/miniconda3/envs/vlm/lib/python3.10/site-packages/wandb/sdk/internal/internal_api.py", line 391, in execute
    return self.client.execute(*args, **kwargs)  # type: ignore
  File "/c23030/ckj/miniconda3/envs/vlm/lib/python3.10/site-packages/wandb/vendor/gql-0.2.0/wandb_gql/client.py", line 52, in execute
    result = self._get_result(document, *args, **kwargs)
  File "/c23030/ckj/miniconda3/envs/vlm/lib/python3.10/site-packages/wandb/vendor/gql-0.2.0/wandb_gql/client.py", line 60, in _get_result
    return self.transport.execute(document, *args, **kwargs)
  File "/c23030/ckj/miniconda3/envs/vlm/lib/python3.10/site-packages/wandb/sdk/lib/gql_request.py", line 70, in execute
    request = self.session.post(self.url, **post_args)
  File "/c23030/ckj/miniconda3/envs/vlm/lib/python3.10/site-packages/requests/sessions.py", line 637, in post
    return self.request("POST", url, data=data, json=json, **kwargs)
  File "/c23030/ckj/miniconda3/envs/vlm/lib/python3.10/site-packages/requests/sessions.py", line 589, in request
    resp = self.send(prep, **send_kwargs)
  File "/c23030/ckj/miniconda3/envs/vlm/lib/python3.10/site-packages/requests/sessions.py", line 703, in send
    r = adapter.send(request, **kwargs)
  File "/c23030/ckj/miniconda3/envs/vlm/lib/python3.10/site-packages/requests/adapters.py", line 690, in send
    raise ReadTimeout(e, request=request)
requests.exceptions.ReadTimeout: HTTPSConnectionPool(host='api.wandb.ai', port=443): Read timed out. (read timeout=20)
